INFO: [VRFC 10-2263] Analyzing Verilog file "C:/VivadoProjects/vdmmu/manager_unit/manager_unit.srcs/sources_1/new/address_translator.v" into library xil_defaultlib
INFO: [VRFC 10-311] analyzing module address_translator
INFO: [VRFC 10-2263] Analyzing Verilog file "C:/VivadoProjects/vdmmu/manager_unit/manager_unit.srcs/sources_1/new/compressor.v" into library xil_defaultlib
INFO: [VRFC 10-311] analyzing module compressor
INFO: [VRFC 10-2263] Analyzing Verilog file "C:/VivadoProjects/vdmmu/manager_unit/manager_unit.srcs/sources_1/new/control_unit.v" into library xil_defaultlib
INFO: [VRFC 10-311] analyzing module control_unit
INFO: [VRFC 10-2263] Analyzing Verilog file "C:/VivadoProjects/vdmmu/manager_unit/manager_unit.srcs/sources_1/new/pointer_translator.v" into library xil_defaultlib
INFO: [VRFC 10-311] analyzing module pointer_translator
INFO: [VRFC 10-2263] Analyzing Verilog file "C:/VivadoProjects/vdmmu/manager_unit/manager_unit.srcs/sources_1/new/pscb_gen_node.v" into library xil_defaultlib
INFO: [VRFC 10-311] analyzing module pscb_gen_node
INFO: [VRFC 10-2263] Analyzing Verilog file "C:/VivadoProjects/vdmmu/manager_unit/manager_unit.srcs/sources_1/new/pscb_gen_stage.v" into library xil_defaultlib
INFO: [VRFC 10-311] analyzing module pscb_gen_stage
INFO: [VRFC 10-2263] Analyzing Verilog file "C:/VivadoProjects/vdmmu/manager_unit/manager_unit.srcs/sources_1/new/pscb_gen_tree.v" into library xil_defaultlib
INFO: [VRFC 10-311] analyzing module pscb_gen_tree
INFO: [VRFC 10-2263] Analyzing Verilog file "C:/VivadoProjects/vdmmu/manager_unit/manager_unit.srcs/sources_1/new/quick_page.v" into library xil_defaultlib
INFO: [VRFC 10-311] analyzing module quick_page
INFO: [VRFC 10-2263] Analyzing Verilog file "C:/VivadoProjects/vdmmu/manager_unit/manager_unit.srcs/sources_1/new/rscb_gen_node.v" into library xil_defaultlib
INFO: [VRFC 10-311] analyzing module rscb_gen_node
INFO: [VRFC 10-2263] Analyzing Verilog file "C:/VivadoProjects/vdmmu/manager_unit/manager_unit.srcs/sources_1/new/rscb_gen_stage.v" into library xil_defaultlib
INFO: [VRFC 10-311] analyzing module rscb_gen_stage
INFO: [VRFC 10-2263] Analyzing Verilog file "C:/VivadoProjects/vdmmu/manager_unit/manager_unit.srcs/sources_1/new/rscb_gen_tree.v" into library xil_defaultlib
INFO: [VRFC 10-311] analyzing module rscb_gen_tree
INFO: [VRFC 10-2263] Analyzing Verilog file "C:/VivadoProjects/vdmmu/manager_unit/manager_unit.srcs/sources_1/new/scb_file.v" into library xil_defaultlib
INFO: [VRFC 10-311] analyzing module scb_file
INFO: [VRFC 10-2263] Analyzing Verilog file "C:/VivadoProjects/vdmmu/manager_unit/manager_unit.srcs/sources_1/new/switch_down.v" into library xil_defaultlib
INFO: [VRFC 10-311] analyzing module switch_down
INFO: [VRFC 10-2263] Analyzing Verilog file "C:/VivadoProjects/vdmmu/manager_unit/manager_unit.srcs/sources_1/new/switch_dstage.v" into library xil_defaultlib
INFO: [VRFC 10-311] analyzing module switch_dstage
INFO: [VRFC 10-2263] Analyzing Verilog file "C:/VivadoProjects/vdmmu/manager_unit/manager_unit.srcs/sources_1/new/switch_node.v" into library xil_defaultlib
INFO: [VRFC 10-311] analyzing module switch_node
INFO: [VRFC 10-2263] Analyzing Verilog file "C:/VivadoProjects/vdmmu/manager_unit/manager_unit.srcs/sources_1/new/switch_up.v" into library xil_defaultlib
INFO: [VRFC 10-311] analyzing module switch_up
INFO: [VRFC 10-2263] Analyzing Verilog file "C:/VivadoProjects/vdmmu/manager_unit/manager_unit.srcs/sources_1/new/switch_ustage.v" into library xil_defaultlib
INFO: [VRFC 10-311] analyzing module switch_ustage
